# JRE version: Java(TM) SE Runtime Environment (18.0.1.1+2) (build 18.0.1.1+2-6)
# Java VM: Java HotSpot(TM) 64-Bit Server VM (18.0.1.1+2-6, mixed mode, sharing, tiered, compressed oops, compressed class ptrs, g1 gc, windows-amd64)
GC Precious Log:
 CardTable entry size: 512
 Card Set container configuration: InlinePtr #cards 4 size 8 Array Of Cards #cards 16 size 48 Howl #buckets 8 coarsen threshold 3686 Howl Bitmap #cards 512 size 80 coarsen threshold 460 Card regions per heap region 1 cards per card region 4096
 CPUs: 16 total, 16 available
 Memory: 10101M
 Large Page Support: Disabled
 NUMA Support: Disabled
 Compressed Oops: Enabled (Zero based)
 Heap Region Size: 2M
 Heap Min Capacity: 8M
 Heap Initial Capacity: 158M
 Heap Max Capacity: 2526M
 Pre-touch: Disabled
 Parallel Workers: 13
 Concurrent Workers: 3
 Concurrent Refinement Workers: 13
 Periodic GC: Disabled
Heap:
 garbage-first heap   total 679936K, used 306334K [0x0000000762200000, 0x0000000800000000)
  region size 2048K, 12 young (24576K), 12 survivors (24576K)
 Metaspace       used 14827K, committed 15104K, reserved 1114112K
  class space    used 2046K, committed 2176K, reserved 1048576K
GC Heap History (20 events):
Event: 9.995 GC heap after
{Heap after GC invocations=17 (full 0):
 garbage-first heap   total 335872K, used 115351K [0x0000000762200000, 0x0000000800000000)
  region size 2048K, 10 young (20480K), 10 survivors (20480K)
 Metaspace       used 14715K, committed 14976K, reserved 1114112K
  class space    used 2046K, committed 2176K, reserved 1048576K
}
Event: 10.751 GC heap before
{Heap before GC invocations=17 (full 0):
 garbage-first heap   total 335872K, used 244375K [0x0000000762200000, 0x0000000800000000)
  region size 2048K, 69 young (141312K), 10 survivors (20480K)
 Metaspace       used 14715K, committed 14976K, reserved 1114112K
  class space    used 2046K, committed 2176K, reserved 1048576K
}
Event: 10.790 GC heap after
{Heap after GC invocations=18 (full 0):
 garbage-first heap   total 335872K, used 135871K [0x0000000762200000, 0x0000000800000000)
  region size 2048K, 6 young (12288K), 6 survivors (12288K)
 Metaspace       used 14715K, committed 14976K, reserved 1114112K
  class space    used 2046K, committed 2176K, reserved 1048576K
}
Event: 11.419 GC heap before
{Heap before GC invocations=18 (full 0):
 garbage-first heap   total 335872K, used 262847K [0x0000000762200000, 0x0000000800000000)
  region size 2048K, 62 young (126976K), 6 survivors (12288K)
 Metaspace       used 14733K, committed 14976K, reserved 1114112K
  class space    used 2046K, committed 2176K, reserved 1048576K
}
Event: 11.441 GC heap after
{Heap after GC invocations=19 (full 0):
 garbage-first heap   total 335872K, used 155450K [0x0000000762200000, 0x0000000800000000)
  region size 2048K, 7 young (14336K), 7 survivors (14336K)
 Metaspace       used 14733K, committed 14976K, reserved 1114112K
  class space    used 2046K, committed 2176K, reserved 1048576K
}
Event: 12.112 GC heap before
{Heap before GC invocations=19 (full 0):
 garbage-first heap   total 335872K, used 263994K [0x0000000762200000, 0x0000000800000000)
  region size 2048K, 56 young (114688K), 7 survivors (14336K)
 Metaspace       used 14733K, committed 14976K, reserved 1114112K
  class space    used 2046K, committed 2176K, reserved 1048576K
}
Event: 12.187 GC heap after
{Heap after GC invocations=20 (full 0):
 garbage-first heap   total 679936K, used 172656K [0x0000000762200000, 0x0000000800000000)
  region size 2048K, 5 young (10240K), 5 survivors (10240K)
 Metaspace       used 14733K, committed 14976K, reserved 1114112K
  class space    used 2046K, committed 2176K, reserved 1048576K
}
Event: 15.970 GC heap before
{Heap before GC invocations=20 (full 0):
 garbage-first heap   total 679936K, used 537200K [0x0000000762200000, 0x0000000800000000)
  region size 2048K, 164 young (335872K), 5 survivors (10240K)
 Metaspace       used 14753K, committed 14976K, reserved 1114112K
  class space    used 2046K, committed 2176K, reserved 1048576K
}
Event: 16.052 GC heap after
{Heap after GC invocations=21 (full 0):
 garbage-first heap   total 679936K, used 237568K [0x0000000762200000, 0x0000000800000000)
  region size 2048K, 21 young (43008K), 21 survivors (43008K)
 Metaspace       used 14753K, committed 14976K, reserved 1114112K
  class space    used 2046K, committed 2176K, reserved 1048576K
}
Event: 17.741 GC heap before
{Heap before GC invocations=21 (full 0):
 garbage-first heap   total 679936K, used 540672K [0x0000000762200000, 0x0000000800000000)
  region size 2048K, 152 young (311296K), 21 survivors (43008K)
 Metaspace       used 14796K, committed 15104K, reserved 1114112K
  class space    used 2046K, committed 2176K, reserved 1048576K
}
Event: 17.819 GC heap after
{Heap after GC invocations=22 (full 0):
 garbage-first heap   total 679936K, used 288470K [0x0000000762200000, 0x0000000800000000)
  region size 2048K, 14 young (28672K), 14 survivors (28672K)
 Metaspace       used 14796K, committed 15104K, reserved 1114112K
  class space    used 2046K, committed 2176K, reserved 1048576K
}
Event: 19.158 GC heap before
{Heap before GC invocations=22 (full 0):
 garbage-first heap   total 679936K, used 544470K [0x0000000762200000, 0x0000000800000000)
  region size 2048K, 129 young (264192K), 14 survivors (28672K)
 Metaspace       used 14807K, committed 15104K, reserved 1114112K
  class space    used 2046K, committed 2176K, reserved 1048576K
}
Event: 19.222 GC heap after
{Heap after GC invocations=23 (full 0):
 garbage-first heap   total 679936K, used 328360K [0x0000000762200000, 0x0000000800000000)
  region size 2048K, 13 young (26624K), 13 survivors (26624K)
 Metaspace       used 14807K, committed 15104K, reserved 1114112K
  class space    used 2046K, committed 2176K, reserved 1048576K
}
Event: 19.364 GC heap before
{Heap before GC invocations=23 (full 0):
 garbage-first heap   total 679936K, used 371368K [0x0000000762200000, 0x0000000800000000)
  region size 2048K, 34 young (69632K), 13 survivors (26624K)
 Metaspace       used 14807K, committed 15104K, reserved 1114112K
  class space    used 2046K, committed 2176K, reserved 1048576K
}
Event: 19.392 GC heap after
{Heap after GC invocations=24 (full 0):
 garbage-first heap   total 679936K, used 337078K [0x0000000762200000, 0x0000000800000000)
  region size 2048K, 5 young (10240K), 5 survivors (10240K)
 Metaspace       used 14807K, committed 15104K, reserved 1114112K
  class space    used 2046K, committed 2176K, reserved 1048576K
}
Event: 21.204 GC heap before
{Heap before GC invocations=25 (full 0):
 garbage-first heap   total 679936K, used 474294K [0x0000000762200000, 0x0000000800000000)
  region size 2048K, 101 young (206848K), 5 survivors (10240K)
 Metaspace       used 14812K, committed 15104K, reserved 1114112K
  class space    used 2046K, committed 2176K, reserved 1048576K
}
Event: 21.242 GC heap after
{Heap after GC invocations=26 (full 0):
 garbage-first heap   total 679936K, used 293978K [0x0000000762200000, 0x0000000800000000)
  region size 2048K, 13 young (26624K), 13 survivors (26624K)
 Metaspace       used 14812K, committed 15104K, reserved 1114112K
  class space    used 2046K, committed 2176K, reserved 1048576K
}
Event: 21.266 GC heap before
{Heap before GC invocations=26 (full 0):
 garbage-first heap   total 679936K, used 300122K [0x0000000762200000, 0x0000000800000000)
  region size 2048K, 16 young (32768K), 13 survivors (26624K)
 Metaspace       used 14812K, committed 15104K, reserved 1114112K
  class space    used 2046K, committed 2176K, reserved 1048576K
}
Event: 21.379 GC heap after
{Heap after GC invocations=27 (full 0):
 garbage-first heap   total 679936K, used 261485K [0x0000000762200000, 0x0000000800000000)
  region size 2048K, 1 young (2048K), 1 survivors (2048K)
 Metaspace       used 14812K, committed 15104K, reserved 1114112K
  class space    used 2046K, committed 2176K, reserved 1048576K
}
Event: 22.992 GC heap before
{Heap before GC invocations=27 (full 0):
 garbage-first heap   total 679936K, used 548205K [0x0000000762200000, 0x0000000800000000)
  region size 2048K, 125 young (256000K), 1 survivors (2048K)
 Metaspace       used 14827K, committed 15104K, reserved 1114112K
  class space    used 2046K, committed 2176K, reserved 1048576K
}

